[2025-03-13 16:26:04Z INFO HostContext] No proxy settings were found based on environmental variables (http_proxy/https_proxy/HTTP_PROXY/HTTPS_PROXY)
[2025-03-13 16:26:04Z INFO HostContext] Well known directory 'Bin': 'C:\Users\syoung\Documents\CppTest\cpptest\examples\Timer\actions-runner\bin'
[2025-03-13 16:26:04Z INFO HostContext] Well known directory 'Root': 'C:\Users\syoung\Documents\CppTest\cpptest\examples\Timer\actions-runner'
[2025-03-13 16:26:04Z INFO HostContext] Well known config file 'Credentials': 'C:\Users\syoung\Documents\CppTest\cpptest\examples\Timer\actions-runner\.credentials'
[2025-03-13 16:26:04Z INFO HostContext] Well known directory 'Bin': 'C:\Users\syoung\Documents\CppTest\cpptest\examples\Timer\actions-runner\bin'
[2025-03-13 16:26:04Z INFO HostContext] Well known directory 'Root': 'C:\Users\syoung\Documents\CppTest\cpptest\examples\Timer\actions-runner'
[2025-03-13 16:26:04Z INFO HostContext] Well known config file 'Runner': 'C:\Users\syoung\Documents\CppTest\cpptest\examples\Timer\actions-runner\.runner'
[2025-03-13 16:26:04Z INFO Listener] Runner is built for Windows (X64) - win-x64.
[2025-03-13 16:26:04Z INFO Listener] RuntimeInformation: Microsoft Windows 10.0.26100.
[2025-03-13 16:26:04Z INFO Listener] Version: 2.322.0
[2025-03-13 16:26:04Z INFO Listener] Commit: 0edc478ca75d0a753dcbcec7405f3f26db67b1ac
[2025-03-13 16:26:04Z INFO Listener] Culture: en-US
[2025-03-13 16:26:04Z INFO Listener] UI Culture: en-US
[2025-03-13 16:26:04Z INFO HostContext] Well known directory 'Bin': 'C:\Users\syoung\Documents\CppTest\cpptest\examples\Timer\actions-runner\bin'
[2025-03-13 16:26:04Z INFO HostContext] Well known directory 'Root': 'C:\Users\syoung\Documents\CppTest\cpptest\examples\Timer\actions-runner'
[2025-03-13 16:26:04Z INFO Listener] Validating directory permissions for: 'C:\Users\syoung\Documents\CppTest\cpptest\examples\Timer\actions-runner'
[2025-03-13 16:26:04Z INFO CommandLineParser] Parse
[2025-03-13 16:26:04Z INFO CommandLineParser] Parsing 1 args
[2025-03-13 16:26:04Z INFO CommandLineParser] parsing argument
[2025-03-13 16:26:04Z INFO CommandLineParser] HasArgs: False
[2025-03-13 16:26:04Z INFO CommandLineParser] Adding Command: run
[2025-03-13 16:26:04Z INFO Listener] Arguments parsed
[2025-03-13 16:26:04Z INFO Runner] ExecuteCommand
[2025-03-13 16:26:04Z INFO ConfigurationStore] currentAssemblyLocation: C:\Users\syoung\Documents\CppTest\cpptest\examples\Timer\actions-runner\bin\Runner.Listener.dll
[2025-03-13 16:26:04Z INFO HostContext] Well known directory 'Bin': 'C:\Users\syoung\Documents\CppTest\cpptest\examples\Timer\actions-runner\bin'
[2025-03-13 16:26:04Z INFO ConfigurationStore] binPath: C:\Users\syoung\Documents\CppTest\cpptest\examples\Timer\actions-runner\bin
[2025-03-13 16:26:04Z INFO HostContext] Well known directory 'Bin': 'C:\Users\syoung\Documents\CppTest\cpptest\examples\Timer\actions-runner\bin'
[2025-03-13 16:26:04Z INFO HostContext] Well known directory 'Root': 'C:\Users\syoung\Documents\CppTest\cpptest\examples\Timer\actions-runner'
[2025-03-13 16:26:04Z INFO ConfigurationStore] RootFolder: C:\Users\syoung\Documents\CppTest\cpptest\examples\Timer\actions-runner
[2025-03-13 16:26:04Z INFO HostContext] Well known directory 'Bin': 'C:\Users\syoung\Documents\CppTest\cpptest\examples\Timer\actions-runner\bin'
[2025-03-13 16:26:04Z INFO HostContext] Well known directory 'Root': 'C:\Users\syoung\Documents\CppTest\cpptest\examples\Timer\actions-runner'
[2025-03-13 16:26:04Z INFO HostContext] Well known config file 'Runner': 'C:\Users\syoung\Documents\CppTest\cpptest\examples\Timer\actions-runner\.runner'
[2025-03-13 16:26:04Z INFO ConfigurationStore] ConfigFilePath: C:\Users\syoung\Documents\CppTest\cpptest\examples\Timer\actions-runner\.runner
[2025-03-13 16:26:04Z INFO HostContext] Well known directory 'Bin': 'C:\Users\syoung\Documents\CppTest\cpptest\examples\Timer\actions-runner\bin'
[2025-03-13 16:26:04Z INFO HostContext] Well known directory 'Root': 'C:\Users\syoung\Documents\CppTest\cpptest\examples\Timer\actions-runner'
[2025-03-13 16:26:04Z INFO HostContext] Well known config file 'Credentials': 'C:\Users\syoung\Documents\CppTest\cpptest\examples\Timer\actions-runner\.credentials'
[2025-03-13 16:26:04Z INFO ConfigurationStore] CredFilePath: C:\Users\syoung\Documents\CppTest\cpptest\examples\Timer\actions-runner\.credentials
[2025-03-13 16:26:04Z INFO HostContext] Well known directory 'Bin': 'C:\Users\syoung\Documents\CppTest\cpptest\examples\Timer\actions-runner\bin'
[2025-03-13 16:26:04Z INFO HostContext] Well known directory 'Root': 'C:\Users\syoung\Documents\CppTest\cpptest\examples\Timer\actions-runner'
[2025-03-13 16:26:04Z INFO HostContext] Well known config file 'MigratedCredentials': 'C:\Users\syoung\Documents\CppTest\cpptest\examples\Timer\actions-runner\.credentials_migrated'
[2025-03-13 16:26:04Z INFO ConfigurationStore] MigratedCredFilePath: C:\Users\syoung\Documents\CppTest\cpptest\examples\Timer\actions-runner\.credentials_migrated
[2025-03-13 16:26:04Z INFO HostContext] Well known directory 'Bin': 'C:\Users\syoung\Documents\CppTest\cpptest\examples\Timer\actions-runner\bin'
[2025-03-13 16:26:04Z INFO HostContext] Well known directory 'Root': 'C:\Users\syoung\Documents\CppTest\cpptest\examples\Timer\actions-runner'
[2025-03-13 16:26:04Z INFO HostContext] Well known config file 'Service': 'C:\Users\syoung\Documents\CppTest\cpptest\examples\Timer\actions-runner\.service'
[2025-03-13 16:26:04Z INFO ConfigurationStore] ServiceConfigFilePath: C:\Users\syoung\Documents\CppTest\cpptest\examples\Timer\actions-runner\.service
[2025-03-13 16:26:04Z INFO CommandSettings] Flag 'help': 'False'
[2025-03-13 16:26:04Z INFO CommandSettings] Flag 'version': 'False'
[2025-03-13 16:26:04Z INFO CommandSettings] Flag 'commit': 'False'
[2025-03-13 16:26:04Z INFO CommandSettings] Flag 'check': 'False'
[2025-03-13 16:26:04Z INFO CommandSettings] Command 'configure': 'False'
[2025-03-13 16:26:04Z INFO CommandSettings] Command 'remove': 'False'
[2025-03-13 16:26:04Z INFO CommandSettings] Command 'warmup': 'False'
[2025-03-13 16:26:04Z INFO ConfigurationManager] LoadSettings
[2025-03-13 16:26:04Z INFO ConfigurationStore] IsConfigured()
[2025-03-13 16:26:04Z INFO ConfigurationStore] IsConfigured: True
[2025-03-13 16:26:04Z INFO ConfigurationManager] Is configured: True
[2025-03-13 16:26:04Z INFO ConfigurationStore] Read setting file: 318 chars
[2025-03-13 16:26:04Z INFO ConfigurationManager] Settings Loaded
[2025-03-13 16:26:04Z INFO ConfigurationStore] IsServiceConfigured()
[2025-03-13 16:26:04Z INFO ConfigurationStore] IsServiceConfigured: False
[2025-03-13 16:26:04Z INFO CommandSettings] Command 'run': 'True'
[2025-03-13 16:26:04Z INFO ConfigurationStore] IsConfigured()
[2025-03-13 16:26:04Z INFO ConfigurationStore] IsConfigured: True
[2025-03-13 16:26:04Z INFO ConfigurationManager] Is configured: True
[2025-03-13 16:26:04Z INFO Runner] Could not parse the argument value '' for StartupType. Defaulting to Manual
[2025-03-13 16:26:04Z INFO Runner] Set runner startup type - Manual
[2025-03-13 16:26:04Z INFO CommandSettings] Flag 'once': 'False'
[2025-03-13 16:26:04Z INFO CommandSettings] Flag 'once': 'False'
[2025-03-13 16:26:04Z INFO Runner] RunAsync
[2025-03-13 16:26:04Z INFO ConfigurationManager] LoadSettings
[2025-03-13 16:26:04Z INFO ConfigurationStore] IsConfigured()
[2025-03-13 16:26:04Z INFO ConfigurationStore] IsConfigured: True
[2025-03-13 16:26:04Z INFO ConfigurationManager] Is configured: True
[2025-03-13 16:26:04Z INFO ConfigurationManager] Settings Loaded
[2025-03-13 16:26:04Z INFO MessageListener] {
  "AgentId": 23,
  "AgentName": "default-runner",
  "PoolId": 1,
  "PoolName": "Default",
  "ServerUrl": "https://pipelinesghubeus14.actions.githubusercontent.com/BJPx9ZceWNzPVl6cmFlKWSAIvlcLp9xiRKqBOhdKPGJHS8dIFy/",
  "GitHubUrl": "https://github.com/sam-young717/VSCodeIntegrate",
  "WorkFolder": "_work"
}
[2025-03-13 16:26:04Z INFO MessageListener] Loading Credentials
[2025-03-13 16:26:04Z INFO ConfigurationStore] HasCredentials()
[2025-03-13 16:26:04Z INFO ConfigurationStore] stored True
[2025-03-13 16:26:04Z INFO CredentialManager] GetCredentialProvider
[2025-03-13 16:26:04Z INFO CredentialManager] Creating type OAuth
[2025-03-13 16:26:04Z INFO CredentialManager] Creating credential type: OAuth
[2025-03-13 16:26:04Z INFO HostContext] Well known directory 'Bin': 'C:\Users\syoung\Documents\CppTest\cpptest\examples\Timer\actions-runner\bin'
[2025-03-13 16:26:04Z INFO HostContext] Well known directory 'Root': 'C:\Users\syoung\Documents\CppTest\cpptest\examples\Timer\actions-runner'
[2025-03-13 16:26:04Z INFO HostContext] Well known config file 'RSACredentials': 'C:\Users\syoung\Documents\CppTest\cpptest\examples\Timer\actions-runner\.credentials_rsaparams'
[2025-03-13 16:26:04Z INFO RSAEncryptedFileKeyManager] Loading RSA key parameters from file C:\Users\syoung\Documents\CppTest\cpptest\examples\Timer\actions-runner\.credentials_rsaparams
[2025-03-13 16:26:04Z INFO MessageListener] Attempt to create session.
[2025-03-13 16:26:04Z INFO MessageListener] Connecting to the Runner Server...
[2025-03-13 16:26:04Z INFO RunnerServer] EstablishVssConnection
[2025-03-13 16:26:04Z INFO RunnerServer] Establish connection with 100 seconds timeout.
[2025-03-13 16:26:04Z INFO GitHubActionsService] Starting operation Location.GetConnectionData
[2025-03-13 16:26:04Z INFO RunnerServer] EstablishVssConnection
[2025-03-13 16:26:04Z INFO RunnerServer] Establish connection with 60 seconds timeout.
[2025-03-13 16:26:04Z INFO GitHubActionsService] Starting operation Location.GetConnectionData
[2025-03-13 16:26:04Z INFO RunnerServer] EstablishVssConnection
[2025-03-13 16:26:04Z INFO RunnerServer] Establish connection with 60 seconds timeout.
[2025-03-13 16:26:04Z INFO GitHubActionsService] Starting operation Location.GetConnectionData
[2025-03-13 16:26:04Z INFO GitHubActionsService] Finished operation Location.GetConnectionData
[2025-03-13 16:26:04Z INFO GitHubActionsService] Finished operation Location.GetConnectionData
[2025-03-13 16:26:04Z INFO GitHubActionsService] Finished operation Location.GetConnectionData
[2025-03-13 16:26:04Z INFO GitHubActionsService] Starting operation Location.GetConnectionData
[2025-03-13 16:26:04Z INFO GitHubActionsService] Finished operation Location.GetConnectionData
[2025-03-13 16:26:04Z INFO GitHubActionsService] Starting operation Location.GetConnectionData
[2025-03-13 16:26:04Z INFO GitHubActionsService] Finished operation Location.GetConnectionData
[2025-03-13 16:26:04Z INFO GitHubActionsService] Starting operation Location.GetConnectionData
[2025-03-13 16:26:04Z INFO GitHubActionsService] Finished operation Location.GetConnectionData
[2025-03-13 16:26:04Z INFO MessageListener] VssConnection created
[2025-03-13 16:26:04Z INFO Terminal] WRITE LINE: 
[2025-03-13 16:26:04Z INFO Terminal] WRITE LINE: 
[2025-03-13 16:26:05Z INFO RSAEncryptedFileKeyManager] Loading RSA key parameters from file C:\Users\syoung\Documents\CppTest\cpptest\examples\Timer\actions-runner\.credentials_rsaparams
[2025-03-13 16:26:05Z INFO RSAEncryptedFileKeyManager] Loading RSA key parameters from file C:\Users\syoung\Documents\CppTest\cpptest\examples\Timer\actions-runner\.credentials_rsaparams
[2025-03-13 16:26:05Z INFO GitHubActionsService] AAD Correlation ID for this token request: Unknown
[2025-03-13 16:26:05Z INFO MessageListener] Session created.
[2025-03-13 16:26:05Z INFO Terminal] WRITE LINE: Current runner version: '2.322.0'
[2025-03-13 16:26:05Z INFO Terminal] WRITE LINE: 2025-03-13 16:26:05Z: Listening for Jobs
[2025-03-13 16:26:05Z INFO JobDispatcher] Set runner/worker IPC timeout to 30 seconds.
[2025-03-13 16:26:05Z INFO RSAEncryptedFileKeyManager] Loading RSA key parameters from file C:\Users\syoung\Documents\CppTest\cpptest\examples\Timer\actions-runner\.credentials_rsaparams
[2025-03-13 16:26:05Z INFO GitHubActionsService] AAD Correlation ID for this token request: Unknown
[2025-03-13 16:26:30Z INFO MessageListener] Message '3933163018286017742' received from session '6e9234e0-7d18-4bba-9c43-8e5a5a9e17ec'.
[2025-03-13 16:26:30Z INFO ConfigurationStore] HasCredentials()
[2025-03-13 16:26:30Z INFO ConfigurationStore] stored True
[2025-03-13 16:26:30Z INFO CredentialManager] GetCredentialProvider
[2025-03-13 16:26:30Z INFO CredentialManager] Creating type OAuth
[2025-03-13 16:26:30Z INFO CredentialManager] Creating credential type: OAuth
[2025-03-13 16:26:30Z INFO RSAEncryptedFileKeyManager] Loading RSA key parameters from file C:\Users\syoung\Documents\CppTest\cpptest\examples\Timer\actions-runner\.credentials_rsaparams
[2025-03-13 16:26:30Z INFO ActionsRunServer] EstablishVssConnection
[2025-03-13 16:26:30Z INFO ActionsRunServer] Establish connection with 100 seconds timeout.
[2025-03-13 16:26:30Z INFO GitHubActionsService] Starting operation Location.GetConnectionData
[2025-03-13 16:26:30Z INFO GitHubActionsService] Finished operation Location.GetConnectionData
[2025-03-13 16:26:30Z INFO RSAEncryptedFileKeyManager] Loading RSA key parameters from file C:\Users\syoung\Documents\CppTest\cpptest\examples\Timer\actions-runner\.credentials_rsaparams
[2025-03-13 16:26:30Z INFO RSAEncryptedFileKeyManager] Loading RSA key parameters from file C:\Users\syoung\Documents\CppTest\cpptest\examples\Timer\actions-runner\.credentials_rsaparams
[2025-03-13 16:26:31Z INFO GitHubActionsService] AAD Correlation ID for this token request: Unknown
[2025-03-13 16:26:31Z INFO JobDispatcher] Job request 40 for plan 4cb1d04b-b5c4-434a-968f-be5281acd354 job 7e43e210-c8a0-546d-fb37-f4b1eb1d65a8 received.
[2025-03-13 16:26:31Z INFO JobDispatcher] Pull OrchestrationId 4cb1d04b-b5c4-434a-968f-be5281acd354.run-cpptest-make.__default from JWT claims
[2025-03-13 16:26:31Z INFO MessageListener] Received job status event. JobState: Busy
[2025-03-13 16:26:31Z INFO MessageListener] _getMessagesTokenSource is already disposed.
[2025-03-13 16:26:31Z INFO Terminal] WRITE LINE: 2025-03-13 16:26:31Z: Running job: Analyze project with C/C++test
[2025-03-13 16:26:31Z INFO JobDispatcher] Start renew job request 40 for job 7e43e210-c8a0-546d-fb37-f4b1eb1d65a8.
[2025-03-13 16:26:31Z INFO JobDispatcher] Successfully renew job request 40, job is valid till 3/13/2025 4:36:31 PM
[2025-03-13 16:26:31Z INFO HostContext] Well known directory 'Bin': 'C:\Users\syoung\Documents\CppTest\cpptest\examples\Timer\actions-runner\bin'
[2025-03-13 16:26:31Z INFO ProcessInvokerWrapper] Starting process:
[2025-03-13 16:26:31Z INFO ProcessInvokerWrapper]   File name: 'C:\Users\syoung\Documents\CppTest\cpptest\examples\Timer\actions-runner\bin\Runner.Worker.exe'
[2025-03-13 16:26:31Z INFO ProcessInvokerWrapper]   Arguments: 'spawnclient 1752 2188'
[2025-03-13 16:26:31Z INFO ProcessInvokerWrapper]   Working directory: 'C:\Users\syoung\Documents\CppTest\cpptest\examples\Timer\actions-runner\bin'
[2025-03-13 16:26:31Z INFO ProcessInvokerWrapper]   Require exit code zero: 'False'
[2025-03-13 16:26:31Z INFO ProcessInvokerWrapper]   Encoding web name:  ; code page: ''
[2025-03-13 16:26:31Z INFO ProcessInvokerWrapper]   Force kill process on cancellation: 'True'
[2025-03-13 16:26:31Z INFO ProcessInvokerWrapper]   Redirected STDIN: 'False'
[2025-03-13 16:26:31Z INFO ProcessInvokerWrapper]   Persist current code page: 'False'
[2025-03-13 16:26:31Z INFO ProcessInvokerWrapper]   Keep redirected STDIN open: 'False'
[2025-03-13 16:26:31Z INFO ProcessInvokerWrapper]   High priority process: 'True'
[2025-03-13 16:26:31Z INFO ProcessInvokerWrapper] Process started with process id 9492, waiting for process exit.
[2025-03-13 16:26:31Z INFO JobDispatcher] Send job request message to worker for job 7e43e210-c8a0-546d-fb37-f4b1eb1d65a8.
[2025-03-13 16:26:31Z INFO ProcessChannel] Sending message of length 25036, with hash 'a018bc6f03a248a5249cd3e434ef7a9dbae005c73d37e7e6c6ea81b09a976ffb'
[2025-03-13 16:26:31Z INFO JobNotification] Entering JobStarted Notification
[2025-03-13 16:26:31Z INFO JobNotification] Entering StartMonitor
[2025-03-13 16:27:31Z INFO JobDispatcher] Successfully renew job request 40, job is valid till 3/13/2025 4:37:31 PM
[2025-03-13 16:28:25Z INFO ProcessInvokerWrapper] STDOUT/STDERR stream read finished.
[2025-03-13 16:28:25Z INFO ProcessInvokerWrapper] STDOUT/STDERR stream read finished.
[2025-03-13 16:28:25Z INFO ProcessInvokerWrapper] Finished process 9492 with exit code 100, and elapsed time 00:01:54.5070451.
[2025-03-13 16:28:25Z INFO JobDispatcher] Worker finished for job 7e43e210-c8a0-546d-fb37-f4b1eb1d65a8. Code: 100
[2025-03-13 16:28:25Z INFO JobDispatcher] finish job request for job 7e43e210-c8a0-546d-fb37-f4b1eb1d65a8 with result: Succeeded
[2025-03-13 16:28:25Z INFO Terminal] WRITE LINE: 2025-03-13 16:28:25Z: Job Analyze project with C/C++test completed with result: Succeeded
[2025-03-13 16:28:25Z INFO JobDispatcher] Stop renew job request for job 7e43e210-c8a0-546d-fb37-f4b1eb1d65a8.
[2025-03-13 16:28:25Z INFO JobDispatcher] job renew has been cancelled, stop renew job request 40.
[2025-03-13 16:28:25Z INFO JobNotification] Entering JobCompleted Notification
[2025-03-13 16:28:25Z INFO JobNotification] Entering EndMonitor
[2025-03-13 16:28:25Z INFO MessageListener] Received job status event. JobState: Online
[2025-03-13 16:40:52Z INFO MessageListener] Message '7692597035686809698' received from session '6e9234e0-7d18-4bba-9c43-8e5a5a9e17ec'.
[2025-03-13 16:40:52Z INFO ConfigurationStore] HasCredentials()
[2025-03-13 16:40:52Z INFO ConfigurationStore] stored True
[2025-03-13 16:40:52Z INFO CredentialManager] GetCredentialProvider
[2025-03-13 16:40:52Z INFO CredentialManager] Creating type OAuth
[2025-03-13 16:40:52Z INFO CredentialManager] Creating credential type: OAuth
[2025-03-13 16:40:52Z INFO RSAEncryptedFileKeyManager] Loading RSA key parameters from file C:\Users\syoung\Documents\CppTest\cpptest\examples\Timer\actions-runner\.credentials_rsaparams
[2025-03-13 16:40:52Z INFO ActionsRunServer] EstablishVssConnection
[2025-03-13 16:40:52Z INFO ActionsRunServer] Establish connection with 100 seconds timeout.
[2025-03-13 16:40:52Z INFO GitHubActionsService] Starting operation Location.GetConnectionData
[2025-03-13 16:40:52Z INFO GitHubActionsService] Finished operation Location.GetConnectionData
[2025-03-13 16:40:52Z INFO RSAEncryptedFileKeyManager] Loading RSA key parameters from file C:\Users\syoung\Documents\CppTest\cpptest\examples\Timer\actions-runner\.credentials_rsaparams
[2025-03-13 16:40:52Z INFO RSAEncryptedFileKeyManager] Loading RSA key parameters from file C:\Users\syoung\Documents\CppTest\cpptest\examples\Timer\actions-runner\.credentials_rsaparams
[2025-03-13 16:40:53Z INFO GitHubActionsService] AAD Correlation ID for this token request: Unknown
[2025-03-13 16:40:53Z INFO JobDispatcher] Job request 41 for plan 60654637-69f1-472b-b710-b08791b36413 job 7e43e210-c8a0-546d-fb37-f4b1eb1d65a8 received.
[2025-03-13 16:40:53Z INFO JobDispatcher] Pull OrchestrationId 60654637-69f1-472b-b710-b08791b36413.run-cpptest-make.__default from JWT claims
[2025-03-13 16:40:53Z INFO MessageListener] Received job status event. JobState: Busy
[2025-03-13 16:40:53Z INFO MessageListener] _getMessagesTokenSource is already disposed.
[2025-03-13 16:40:53Z INFO JobDispatcher] Job request 7e43e210-c8a0-546d-fb37-f4b1eb1d65a8 processed succeed.
[2025-03-13 16:40:53Z INFO Terminal] WRITE LINE: 2025-03-13 16:40:53Z: Running job: Analyze project with C/C++test
[2025-03-13 16:40:53Z INFO JobDispatcher] Start renew job request 41 for job 7e43e210-c8a0-546d-fb37-f4b1eb1d65a8.
[2025-03-13 16:40:53Z INFO JobDispatcher] Successfully renew job request 41, job is valid till 3/13/2025 4:50:53 PM
[2025-03-13 16:40:53Z INFO HostContext] Well known directory 'Bin': 'C:\Users\syoung\Documents\CppTest\cpptest\examples\Timer\actions-runner\bin'
[2025-03-13 16:40:53Z INFO ProcessInvokerWrapper] Starting process:
[2025-03-13 16:40:53Z INFO ProcessInvokerWrapper]   File name: 'C:\Users\syoung\Documents\CppTest\cpptest\examples\Timer\actions-runner\bin\Runner.Worker.exe'
[2025-03-13 16:40:53Z INFO ProcessInvokerWrapper]   Arguments: 'spawnclient 2416 2428'
[2025-03-13 16:40:53Z INFO ProcessInvokerWrapper]   Working directory: 'C:\Users\syoung\Documents\CppTest\cpptest\examples\Timer\actions-runner\bin'
[2025-03-13 16:40:53Z INFO ProcessInvokerWrapper]   Require exit code zero: 'False'
[2025-03-13 16:40:53Z INFO ProcessInvokerWrapper]   Encoding web name:  ; code page: ''
[2025-03-13 16:40:53Z INFO ProcessInvokerWrapper]   Force kill process on cancellation: 'True'
[2025-03-13 16:40:53Z INFO ProcessInvokerWrapper]   Redirected STDIN: 'False'
[2025-03-13 16:40:53Z INFO ProcessInvokerWrapper]   Persist current code page: 'False'
[2025-03-13 16:40:53Z INFO ProcessInvokerWrapper]   Keep redirected STDIN open: 'False'
[2025-03-13 16:40:53Z INFO ProcessInvokerWrapper]   High priority process: 'True'
[2025-03-13 16:40:53Z INFO ProcessInvokerWrapper] Process started with process id 15312, waiting for process exit.
[2025-03-13 16:40:53Z INFO JobDispatcher] Send job request message to worker for job 7e43e210-c8a0-546d-fb37-f4b1eb1d65a8.
[2025-03-13 16:40:53Z INFO ProcessChannel] Sending message of length 26825, with hash 'a4a55b531b81624d0040d0470149d18c2c8c2ced00ffa47a5c42f9aec430f587'
[2025-03-13 16:40:53Z INFO JobNotification] Entering JobStarted Notification
[2025-03-13 16:40:53Z INFO JobNotification] Entering StartMonitor
[2025-03-13 16:41:53Z INFO JobDispatcher] Successfully renew job request 41, job is valid till 3/13/2025 4:51:53 PM
[2025-03-13 16:42:25Z INFO ProcessInvokerWrapper] STDOUT/STDERR stream read finished.
[2025-03-13 16:42:25Z INFO ProcessInvokerWrapper] STDOUT/STDERR stream read finished.
[2025-03-13 16:42:25Z INFO ProcessInvokerWrapper] Finished process 15312 with exit code 100, and elapsed time 00:01:31.8011044.
[2025-03-13 16:42:25Z INFO JobDispatcher] Worker finished for job 7e43e210-c8a0-546d-fb37-f4b1eb1d65a8. Code: 100
[2025-03-13 16:42:25Z INFO JobDispatcher] finish job request for job 7e43e210-c8a0-546d-fb37-f4b1eb1d65a8 with result: Succeeded
[2025-03-13 16:42:25Z INFO Terminal] WRITE LINE: 2025-03-13 16:42:25Z: Job Analyze project with C/C++test completed with result: Succeeded
[2025-03-13 16:42:25Z INFO JobDispatcher] Stop renew job request for job 7e43e210-c8a0-546d-fb37-f4b1eb1d65a8.
[2025-03-13 16:42:25Z INFO JobDispatcher] job renew has been cancelled, stop renew job request 41.
[2025-03-13 16:42:25Z INFO JobNotification] Entering JobCompleted Notification
[2025-03-13 16:42:25Z INFO JobNotification] Entering EndMonitor
[2025-03-13 16:42:25Z INFO MessageListener] Received job status event. JobState: Online
[2025-03-13 16:50:15Z INFO MessageListener] Message '7698956026633743265' received from session '6e9234e0-7d18-4bba-9c43-8e5a5a9e17ec'.
[2025-03-13 16:50:15Z INFO ConfigurationStore] HasCredentials()
[2025-03-13 16:50:15Z INFO ConfigurationStore] stored True
[2025-03-13 16:50:15Z INFO CredentialManager] GetCredentialProvider
[2025-03-13 16:50:15Z INFO CredentialManager] Creating type OAuth
[2025-03-13 16:50:15Z INFO CredentialManager] Creating credential type: OAuth
[2025-03-13 16:50:15Z INFO RSAEncryptedFileKeyManager] Loading RSA key parameters from file C:\Users\syoung\Documents\CppTest\cpptest\examples\Timer\actions-runner\.credentials_rsaparams
[2025-03-13 16:50:15Z INFO ActionsRunServer] EstablishVssConnection
[2025-03-13 16:50:15Z INFO ActionsRunServer] Establish connection with 100 seconds timeout.
[2025-03-13 16:50:15Z INFO GitHubActionsService] Starting operation Location.GetConnectionData
[2025-03-13 16:50:15Z INFO GitHubActionsService] Finished operation Location.GetConnectionData
[2025-03-13 16:50:15Z INFO RSAEncryptedFileKeyManager] Loading RSA key parameters from file C:\Users\syoung\Documents\CppTest\cpptest\examples\Timer\actions-runner\.credentials_rsaparams
[2025-03-13 16:50:15Z INFO RSAEncryptedFileKeyManager] Loading RSA key parameters from file C:\Users\syoung\Documents\CppTest\cpptest\examples\Timer\actions-runner\.credentials_rsaparams
[2025-03-13 16:50:15Z INFO GitHubActionsService] AAD Correlation ID for this token request: Unknown
[2025-03-13 16:50:15Z INFO JobDispatcher] Job request 42 for plan 4b1cef97-5f7d-4fbb-b871-41127616b074 job 7e43e210-c8a0-546d-fb37-f4b1eb1d65a8 received.
[2025-03-13 16:50:15Z INFO JobDispatcher] Pull OrchestrationId 4b1cef97-5f7d-4fbb-b871-41127616b074.run-cpptest-make.__default from JWT claims
[2025-03-13 16:50:15Z INFO MessageListener] Received job status event. JobState: Busy
[2025-03-13 16:50:15Z INFO MessageListener] _getMessagesTokenSource is already disposed.
[2025-03-13 16:50:15Z INFO JobDispatcher] Job request 7e43e210-c8a0-546d-fb37-f4b1eb1d65a8 processed succeed.
[2025-03-13 16:50:15Z INFO Terminal] WRITE LINE: 2025-03-13 16:50:15Z: Running job: Analyze project with C/C++test
[2025-03-13 16:50:15Z INFO JobDispatcher] Start renew job request 42 for job 7e43e210-c8a0-546d-fb37-f4b1eb1d65a8.
[2025-03-13 16:50:16Z INFO JobDispatcher] Successfully renew job request 42, job is valid till 3/13/2025 5:00:16 PM
[2025-03-13 16:50:16Z INFO HostContext] Well known directory 'Bin': 'C:\Users\syoung\Documents\CppTest\cpptest\examples\Timer\actions-runner\bin'
[2025-03-13 16:50:16Z INFO ProcessInvokerWrapper] Starting process:
[2025-03-13 16:50:16Z INFO ProcessInvokerWrapper]   File name: 'C:\Users\syoung\Documents\CppTest\cpptest\examples\Timer\actions-runner\bin\Runner.Worker.exe'
[2025-03-13 16:50:16Z INFO ProcessInvokerWrapper]   Arguments: 'spawnclient 2660 2696'
[2025-03-13 16:50:16Z INFO ProcessInvokerWrapper]   Working directory: 'C:\Users\syoung\Documents\CppTest\cpptest\examples\Timer\actions-runner\bin'
[2025-03-13 16:50:16Z INFO ProcessInvokerWrapper]   Require exit code zero: 'False'
[2025-03-13 16:50:16Z INFO ProcessInvokerWrapper]   Encoding web name:  ; code page: ''
[2025-03-13 16:50:16Z INFO ProcessInvokerWrapper]   Force kill process on cancellation: 'True'
[2025-03-13 16:50:16Z INFO ProcessInvokerWrapper]   Redirected STDIN: 'False'
[2025-03-13 16:50:16Z INFO ProcessInvokerWrapper]   Persist current code page: 'False'
[2025-03-13 16:50:16Z INFO ProcessInvokerWrapper]   Keep redirected STDIN open: 'False'
[2025-03-13 16:50:16Z INFO ProcessInvokerWrapper]   High priority process: 'True'
[2025-03-13 16:50:16Z INFO ProcessInvokerWrapper] Process started with process id 44416, waiting for process exit.
[2025-03-13 16:50:16Z INFO JobDispatcher] Send job request message to worker for job 7e43e210-c8a0-546d-fb37-f4b1eb1d65a8.
[2025-03-13 16:50:16Z INFO ProcessChannel] Sending message of length 26824, with hash 'ba4cd9d8b55c073a42cb61097d1d759112b10c78caaecd3f60fbb264d269f7c0'
[2025-03-13 16:50:16Z INFO JobNotification] Entering JobStarted Notification
[2025-03-13 16:50:16Z INFO JobNotification] Entering StartMonitor
[2025-03-13 16:51:16Z INFO JobDispatcher] Successfully renew job request 42, job is valid till 3/13/2025 5:01:16 PM
[2025-03-13 16:51:44Z INFO ProcessInvokerWrapper] STDOUT/STDERR stream read finished.
[2025-03-13 16:51:44Z INFO ProcessInvokerWrapper] STDOUT/STDERR stream read finished.
[2025-03-13 16:51:44Z INFO ProcessInvokerWrapper] Finished process 44416 with exit code 100, and elapsed time 00:01:28.0918919.
[2025-03-13 16:51:44Z INFO JobDispatcher] Worker finished for job 7e43e210-c8a0-546d-fb37-f4b1eb1d65a8. Code: 100
[2025-03-13 16:51:44Z INFO JobDispatcher] finish job request for job 7e43e210-c8a0-546d-fb37-f4b1eb1d65a8 with result: Succeeded
[2025-03-13 16:51:44Z INFO Terminal] WRITE LINE: 2025-03-13 16:51:44Z: Job Analyze project with C/C++test completed with result: Succeeded
[2025-03-13 16:51:44Z INFO JobDispatcher] Stop renew job request for job 7e43e210-c8a0-546d-fb37-f4b1eb1d65a8.
[2025-03-13 16:51:44Z INFO JobDispatcher] job renew has been cancelled, stop renew job request 42.
[2025-03-13 16:51:44Z INFO JobNotification] Entering JobCompleted Notification
[2025-03-13 16:51:44Z INFO JobNotification] Entering EndMonitor
[2025-03-13 16:51:44Z INFO MessageListener] Received job status event. JobState: Online
[2025-03-13 16:57:33Z INFO MessageListener] Message '6397985790773663062' received from session '6e9234e0-7d18-4bba-9c43-8e5a5a9e17ec'.
[2025-03-13 16:57:33Z INFO ConfigurationStore] HasCredentials()
[2025-03-13 16:57:33Z INFO ConfigurationStore] stored True
[2025-03-13 16:57:33Z INFO CredentialManager] GetCredentialProvider
[2025-03-13 16:57:33Z INFO CredentialManager] Creating type OAuth
[2025-03-13 16:57:33Z INFO CredentialManager] Creating credential type: OAuth
[2025-03-13 16:57:33Z INFO RSAEncryptedFileKeyManager] Loading RSA key parameters from file C:\Users\syoung\Documents\CppTest\cpptest\examples\Timer\actions-runner\.credentials_rsaparams
[2025-03-13 16:57:33Z INFO ActionsRunServer] EstablishVssConnection
[2025-03-13 16:57:33Z INFO ActionsRunServer] Establish connection with 100 seconds timeout.
[2025-03-13 16:57:33Z INFO GitHubActionsService] Starting operation Location.GetConnectionData
[2025-03-13 16:57:33Z INFO GitHubActionsService] Finished operation Location.GetConnectionData
[2025-03-13 16:57:33Z INFO RSAEncryptedFileKeyManager] Loading RSA key parameters from file C:\Users\syoung\Documents\CppTest\cpptest\examples\Timer\actions-runner\.credentials_rsaparams
[2025-03-13 16:57:33Z INFO RSAEncryptedFileKeyManager] Loading RSA key parameters from file C:\Users\syoung\Documents\CppTest\cpptest\examples\Timer\actions-runner\.credentials_rsaparams
[2025-03-13 16:57:33Z INFO GitHubActionsService] AAD Correlation ID for this token request: Unknown
[2025-03-13 16:57:34Z INFO JobDispatcher] Job request 43 for plan 71a875d6-e7f2-49de-b3d9-61a6076e479d job 7e43e210-c8a0-546d-fb37-f4b1eb1d65a8 received.
[2025-03-13 16:57:34Z INFO JobDispatcher] Pull OrchestrationId 71a875d6-e7f2-49de-b3d9-61a6076e479d.run-cpptest-make.__default from JWT claims
[2025-03-13 16:57:34Z INFO MessageListener] Received job status event. JobState: Busy
[2025-03-13 16:57:34Z INFO MessageListener] _getMessagesTokenSource is already disposed.
[2025-03-13 16:57:34Z INFO JobDispatcher] Job request 7e43e210-c8a0-546d-fb37-f4b1eb1d65a8 processed succeed.
[2025-03-13 16:57:34Z INFO Terminal] WRITE LINE: 2025-03-13 16:57:34Z: Running job: Analyze project with C/C++test
[2025-03-13 16:57:34Z INFO JobDispatcher] Start renew job request 43 for job 7e43e210-c8a0-546d-fb37-f4b1eb1d65a8.
[2025-03-13 16:57:34Z INFO JobDispatcher] Successfully renew job request 43, job is valid till 3/13/2025 5:07:34 PM
[2025-03-13 16:57:34Z INFO HostContext] Well known directory 'Bin': 'C:\Users\syoung\Documents\CppTest\cpptest\examples\Timer\actions-runner\bin'
[2025-03-13 16:57:34Z INFO ProcessInvokerWrapper] Starting process:
[2025-03-13 16:57:34Z INFO ProcessInvokerWrapper]   File name: 'C:\Users\syoung\Documents\CppTest\cpptest\examples\Timer\actions-runner\bin\Runner.Worker.exe'
[2025-03-13 16:57:34Z INFO ProcessInvokerWrapper]   Arguments: 'spawnclient 2560 2424'
[2025-03-13 16:57:34Z INFO ProcessInvokerWrapper]   Working directory: 'C:\Users\syoung\Documents\CppTest\cpptest\examples\Timer\actions-runner\bin'
[2025-03-13 16:57:34Z INFO ProcessInvokerWrapper]   Require exit code zero: 'False'
[2025-03-13 16:57:34Z INFO ProcessInvokerWrapper]   Encoding web name:  ; code page: ''
[2025-03-13 16:57:34Z INFO ProcessInvokerWrapper]   Force kill process on cancellation: 'True'
[2025-03-13 16:57:34Z INFO ProcessInvokerWrapper]   Redirected STDIN: 'False'
[2025-03-13 16:57:34Z INFO ProcessInvokerWrapper]   Persist current code page: 'False'
[2025-03-13 16:57:34Z INFO ProcessInvokerWrapper]   Keep redirected STDIN open: 'False'
[2025-03-13 16:57:34Z INFO ProcessInvokerWrapper]   High priority process: 'True'
[2025-03-13 16:57:34Z INFO ProcessInvokerWrapper] Process started with process id 29212, waiting for process exit.
[2025-03-13 16:57:34Z INFO JobDispatcher] Send job request message to worker for job 7e43e210-c8a0-546d-fb37-f4b1eb1d65a8.
[2025-03-13 16:57:34Z INFO ProcessChannel] Sending message of length 26824, with hash 'ce25d67dc6b1c1000afb79a91c30f3534ee53ba5472223eed93ec4007e2b930b'
[2025-03-13 16:57:34Z INFO JobNotification] Entering JobStarted Notification
[2025-03-13 16:57:34Z INFO JobNotification] Entering StartMonitor
[2025-03-13 16:58:34Z INFO JobDispatcher] Successfully renew job request 43, job is valid till 3/13/2025 5:08:34 PM
[2025-03-13 16:59:04Z INFO ProcessInvokerWrapper] STDOUT/STDERR stream read finished.
[2025-03-13 16:59:04Z INFO ProcessInvokerWrapper] STDOUT/STDERR stream read finished.
[2025-03-13 16:59:04Z INFO ProcessInvokerWrapper] Finished process 29212 with exit code 100, and elapsed time 00:01:29.8511790.
[2025-03-13 16:59:04Z INFO JobDispatcher] Worker finished for job 7e43e210-c8a0-546d-fb37-f4b1eb1d65a8. Code: 100
[2025-03-13 16:59:04Z INFO JobDispatcher] finish job request for job 7e43e210-c8a0-546d-fb37-f4b1eb1d65a8 with result: Succeeded
[2025-03-13 16:59:04Z INFO Terminal] WRITE LINE: 2025-03-13 16:59:04Z: Job Analyze project with C/C++test completed with result: Succeeded
[2025-03-13 16:59:04Z INFO JobDispatcher] Stop renew job request for job 7e43e210-c8a0-546d-fb37-f4b1eb1d65a8.
[2025-03-13 16:59:04Z INFO JobDispatcher] job renew has been cancelled, stop renew job request 43.
[2025-03-13 16:59:04Z INFO JobNotification] Entering JobCompleted Notification
[2025-03-13 16:59:04Z INFO JobNotification] Entering EndMonitor
[2025-03-13 16:59:04Z INFO MessageListener] Received job status event. JobState: Online
[2025-03-13 17:05:29Z INFO MessageListener] Message '1925178320231219518' received from session '6e9234e0-7d18-4bba-9c43-8e5a5a9e17ec'.
[2025-03-13 17:05:29Z INFO ConfigurationStore] HasCredentials()
[2025-03-13 17:05:29Z INFO ConfigurationStore] stored True
[2025-03-13 17:05:29Z INFO CredentialManager] GetCredentialProvider
[2025-03-13 17:05:29Z INFO CredentialManager] Creating type OAuth
[2025-03-13 17:05:29Z INFO CredentialManager] Creating credential type: OAuth
[2025-03-13 17:05:29Z INFO RSAEncryptedFileKeyManager] Loading RSA key parameters from file C:\Users\syoung\Documents\CppTest\cpptest\examples\Timer\actions-runner\.credentials_rsaparams
[2025-03-13 17:05:29Z INFO ActionsRunServer] EstablishVssConnection
[2025-03-13 17:05:29Z INFO ActionsRunServer] Establish connection with 100 seconds timeout.
[2025-03-13 17:05:29Z INFO GitHubActionsService] Starting operation Location.GetConnectionData
[2025-03-13 17:05:29Z INFO GitHubActionsService] Finished operation Location.GetConnectionData
[2025-03-13 17:05:29Z INFO RSAEncryptedFileKeyManager] Loading RSA key parameters from file C:\Users\syoung\Documents\CppTest\cpptest\examples\Timer\actions-runner\.credentials_rsaparams
[2025-03-13 17:05:29Z INFO RSAEncryptedFileKeyManager] Loading RSA key parameters from file C:\Users\syoung\Documents\CppTest\cpptest\examples\Timer\actions-runner\.credentials_rsaparams
[2025-03-13 17:05:29Z INFO GitHubActionsService] AAD Correlation ID for this token request: Unknown
[2025-03-13 17:05:29Z INFO JobDispatcher] Job request 44 for plan 3a40fae1-deac-423b-993b-32526c7e68e7 job 7e43e210-c8a0-546d-fb37-f4b1eb1d65a8 received.
[2025-03-13 17:05:29Z INFO JobDispatcher] Pull OrchestrationId 3a40fae1-deac-423b-993b-32526c7e68e7.run-cpptest-make.__default from JWT claims
[2025-03-13 17:05:29Z INFO MessageListener] Received job status event. JobState: Busy
[2025-03-13 17:05:29Z INFO MessageListener] _getMessagesTokenSource is already disposed.
[2025-03-13 17:05:29Z INFO JobDispatcher] Job request 7e43e210-c8a0-546d-fb37-f4b1eb1d65a8 processed succeed.
[2025-03-13 17:05:29Z INFO Terminal] WRITE LINE: 2025-03-13 17:05:29Z: Running job: Analyze project with C/C++test
[2025-03-13 17:05:29Z INFO JobDispatcher] Start renew job request 44 for job 7e43e210-c8a0-546d-fb37-f4b1eb1d65a8.
[2025-03-13 17:05:30Z INFO JobDispatcher] Successfully renew job request 44, job is valid till 3/13/2025 5:15:30 PM
[2025-03-13 17:05:30Z INFO HostContext] Well known directory 'Bin': 'C:\Users\syoung\Documents\CppTest\cpptest\examples\Timer\actions-runner\bin'
[2025-03-13 17:05:30Z INFO ProcessInvokerWrapper] Starting process:
[2025-03-13 17:05:30Z INFO ProcessInvokerWrapper]   File name: 'C:\Users\syoung\Documents\CppTest\cpptest\examples\Timer\actions-runner\bin\Runner.Worker.exe'
[2025-03-13 17:05:30Z INFO ProcessInvokerWrapper]   Arguments: 'spawnclient 2700 2220'
[2025-03-13 17:05:30Z INFO ProcessInvokerWrapper]   Working directory: 'C:\Users\syoung\Documents\CppTest\cpptest\examples\Timer\actions-runner\bin'
[2025-03-13 17:05:30Z INFO ProcessInvokerWrapper]   Require exit code zero: 'False'
[2025-03-13 17:05:30Z INFO ProcessInvokerWrapper]   Encoding web name:  ; code page: ''
[2025-03-13 17:05:30Z INFO ProcessInvokerWrapper]   Force kill process on cancellation: 'True'
[2025-03-13 17:05:30Z INFO ProcessInvokerWrapper]   Redirected STDIN: 'False'
[2025-03-13 17:05:30Z INFO ProcessInvokerWrapper]   Persist current code page: 'False'
[2025-03-13 17:05:30Z INFO ProcessInvokerWrapper]   Keep redirected STDIN open: 'False'
[2025-03-13 17:05:30Z INFO ProcessInvokerWrapper]   High priority process: 'True'
[2025-03-13 17:05:30Z INFO ProcessInvokerWrapper] Process started with process id 39940, waiting for process exit.
[2025-03-13 17:05:30Z INFO JobDispatcher] Send job request message to worker for job 7e43e210-c8a0-546d-fb37-f4b1eb1d65a8.
[2025-03-13 17:05:30Z INFO ProcessChannel] Sending message of length 26686, with hash 'a9cd4afc0f8eaa8838679b47f7d50c8fb4fc77afc7af99de12aaa1f8a05a6eb8'
[2025-03-13 17:05:30Z INFO JobNotification] Entering JobStarted Notification
[2025-03-13 17:05:30Z INFO JobNotification] Entering StartMonitor
[2025-03-13 17:06:30Z INFO JobDispatcher] Successfully renew job request 44, job is valid till 3/13/2025 5:16:30 PM
[2025-03-13 17:07:02Z INFO ProcessInvokerWrapper] STDOUT/STDERR stream read finished.
[2025-03-13 17:07:02Z INFO ProcessInvokerWrapper] STDOUT/STDERR stream read finished.
[2025-03-13 17:07:02Z INFO ProcessInvokerWrapper] Finished process 39940 with exit code 100, and elapsed time 00:01:32.1974709.
[2025-03-13 17:07:02Z INFO JobDispatcher] Worker finished for job 7e43e210-c8a0-546d-fb37-f4b1eb1d65a8. Code: 100
[2025-03-13 17:07:02Z INFO JobDispatcher] finish job request for job 7e43e210-c8a0-546d-fb37-f4b1eb1d65a8 with result: Succeeded
[2025-03-13 17:07:02Z INFO Terminal] WRITE LINE: 2025-03-13 17:07:02Z: Job Analyze project with C/C++test completed with result: Succeeded
[2025-03-13 17:07:02Z INFO JobDispatcher] Stop renew job request for job 7e43e210-c8a0-546d-fb37-f4b1eb1d65a8.
[2025-03-13 17:07:02Z INFO JobDispatcher] job renew has been cancelled, stop renew job request 44.
[2025-03-13 17:07:02Z INFO JobNotification] Entering JobCompleted Notification
[2025-03-13 17:07:02Z INFO JobNotification] Entering EndMonitor
[2025-03-13 17:07:02Z INFO MessageListener] Received job status event. JobState: Online
[2025-03-13 17:16:24Z INFO RSAEncryptedFileKeyManager] Loading RSA key parameters from file C:\Users\syoung\Documents\CppTest\cpptest\examples\Timer\actions-runner\.credentials_rsaparams
[2025-03-13 17:16:24Z INFO GitHubActionsService] AAD Correlation ID for this token request: Unknown
[2025-03-13 17:21:25Z INFO RSAEncryptedFileKeyManager] Loading RSA key parameters from file C:\Users\syoung\Documents\CppTest\cpptest\examples\Timer\actions-runner\.credentials_rsaparams
[2025-03-13 17:21:25Z INFO GitHubActionsService] AAD Correlation ID for this token request: Unknown
[2025-03-13 17:35:41Z INFO MessageListener] No message retrieved from session '6e9234e0-7d18-4bba-9c43-8e5a5a9e17ec' within last 30 minutes.
[2025-03-13 17:48:34Z WARN GitHubActionsService] Attempt 1 of GET request to https://pipelinesghubeus14.actions.githubusercontent.com/BJPx9ZceWNzPVl6cmFlKWSAIvlcLp9xiRKqBOhdKPGJHS8dIFy/_apis/distributedtask/pools/1/messages?sessionId=6e9234e0-7d18-4bba-9c43-8e5a5a9e17ec&lastMessageId=1925178320231219518&status=Online&runnerVersion=2.322.0&os=Windows&architecture=X64&disableUpdate=false failed (Socket Error: ConnectionReset). The operation will be retried in 11.173 seconds.
[2025-03-13 17:55:54Z INFO HostContext] Runner will be shutdown for UserCancelled
[2025-03-13 17:55:54Z WARN GitHubActionsService] GET request to https://broker.actions.githubusercontent.com/message?sessionId=6e9234e0-7d18-4bba-9c43-8e5a5a9e17ec&status=Online&runnerVersion=2.322.0&os=Windows&architecture=X64&disableUpdate=false has been cancelled.
[2025-03-13 17:55:54Z ERR  BrokerServer] Catch exception during request
[2025-03-13 17:55:54Z ERR  BrokerServer] System.Threading.Tasks.TaskCanceledException: The operation was canceled.
 ---> System.Threading.Tasks.TaskCanceledException: The operation was canceled.
 ---> System.IO.IOException: Unable to read data from the transport connection: The I/O operation has been aborted because of either a thread exit or an application request..
 ---> System.Net.Sockets.SocketException (995): The I/O operation has been aborted because of either a thread exit or an application request.
   --- End of inner exception stack trace ---
   at System.Net.Sockets.Socket.AwaitableSocketAsyncEventArgs.ThrowException(SocketError error, CancellationToken cancellationToken)
   at System.Net.Sockets.Socket.AwaitableSocketAsyncEventArgs.System.Threading.Tasks.Sources.IValueTaskSource<System.Int32>.GetResult(Int16 token)
   at System.Net.Security.SslStream.EnsureFullTlsFrameAsync[TIOAdapter](CancellationToken cancellationToken, Int32 estimatedSize)
   at System.Runtime.CompilerServices.PoolingAsyncValueTaskMethodBuilder`1.StateMachineBox`1.System.Threading.Tasks.Sources.IValueTaskSource<TResult>.GetResult(Int16 token)
   at System.Net.Security.SslStream.ReadAsyncInternal[TIOAdapter](Memory`1 buffer, CancellationToken cancellationToken)
   at System.Runtime.CompilerServices.PoolingAsyncValueTaskMethodBuilder`1.StateMachineBox`1.System.Threading.Tasks.Sources.IValueTaskSource<TResult>.GetResult(Int16 token)
   at System.Net.Http.HttpConnection.SendAsync(HttpRequestMessage request, Boolean async, CancellationToken cancellationToken)
   --- End of inner exception stack trace ---
   at System.Net.Http.HttpConnection.SendAsync(HttpRequestMessage request, Boolean async, CancellationToken cancellationToken)
   at System.Net.Http.AuthenticationHelper.SendWithNtAuthAsync(HttpRequestMessage request, Uri authUri, Boolean async, ICredentials credentials, Boolean isProxyAuth, HttpConnection connection, HttpConnectionPool connectionPool, CancellationToken cancellationToken)
   at System.Net.Http.HttpConnectionPool.SendWithVersionDetectionAndRetryAsync(HttpRequestMessage request, Boolean async, Boolean doRequestAuth, CancellationToken cancellationToken)
   at System.Net.Http.AuthenticationHelper.SendWithAuthAsync(HttpRequestMessage request, Uri authUri, Boolean async, ICredentials credentials, Boolean preAuthenticate, Boolean isProxyAuth, Boolean doRequestAuth, HttpConnectionPool pool, CancellationToken cancellationToken)
   at System.Net.Http.RedirectHandler.SendAsync(HttpRequestMessage request, Boolean async, CancellationToken cancellationToken)
   at GitHub.Services.Common.RawHttpMessageHandler.SendAsync(HttpRequestMessage request, CancellationToken cancellationToken)
   at GitHub.Services.Common.VssHttpRetryMessageHandler.SendAsync(HttpRequestMessage request, CancellationToken cancellationToken)
   at System.Net.Http.HttpClient.<SendAsync>g__Core|83_0(HttpRequestMessage request, HttpCompletionOption completionOption, CancellationTokenSource cts, Boolean disposeCts, CancellationTokenSource pendingRequestsCts, CancellationToken originalCancellationToken)
   --- End of inner exception stack trace ---
   at System.Net.Http.HttpClient.HandleFailure(Exception e, Boolean telemetryStarted, HttpResponseMessage response, CancellationTokenSource cts, CancellationToken cancellationToken, CancellationTokenSource pendingRequestsCts)
   at System.Net.Http.HttpClient.<SendAsync>g__Core|83_0(HttpRequestMessage request, HttpCompletionOption completionOption, CancellationTokenSource cts, Boolean disposeCts, CancellationTokenSource pendingRequestsCts, CancellationToken originalCancellationToken)
   at Sdk.WebApi.WebApi.RawHttpClientBase.SendAsync(HttpRequestMessage message, HttpCompletionOption completionOption, Object userState, CancellationToken cancellationToken)
   at Sdk.WebApi.WebApi.RawHttpClientBase.SendAsync[T](HttpRequestMessage message, Boolean readErrorBody, Object userState, CancellationToken cancellationToken)
   at Sdk.WebApi.WebApi.RawHttpClientBase.SendAsync[T](HttpMethod method, IEnumerable`1 additionalHeaders, Uri requestUri, HttpContent content, IEnumerable`1 queryParameters, Boolean readErrorBody, Object userState, CancellationToken cancellationToken)
   at GitHub.Actions.RunService.WebApi.BrokerHttpClient.GetRunnerMessageAsync(Nullable`1 sessionId, String runnerVersion, Nullable`1 status, String os, String architecture, Nullable`1 disableUpdate, CancellationToken cancellationToken)
   at GitHub.Runner.Common.BrokerServer.<>c__DisplayClass7_0.<<GetRunnerMessageAsync>b__0>d.MoveNext()
--- End of stack trace from previous location ---
   at GitHub.Runner.Common.RunnerService.RetryRequest[T](Func`1 func, CancellationToken cancellationToken, Int32 maxRetryAttemptsCount, Func`2 shouldRetry)
[2025-03-13 17:55:54Z ERR  BrokerServer] #####################################################
[2025-03-13 17:55:54Z ERR  BrokerServer] System.Threading.Tasks.TaskCanceledException: The operation was canceled.
 ---> System.IO.IOException: Unable to read data from the transport connection: The I/O operation has been aborted because of either a thread exit or an application request..
 ---> System.Net.Sockets.SocketException (995): The I/O operation has been aborted because of either a thread exit or an application request.
   --- End of inner exception stack trace ---
   at System.Net.Sockets.Socket.AwaitableSocketAsyncEventArgs.ThrowException(SocketError error, CancellationToken cancellationToken)
   at System.Net.Sockets.Socket.AwaitableSocketAsyncEventArgs.System.Threading.Tasks.Sources.IValueTaskSource<System.Int32>.GetResult(Int16 token)
   at System.Net.Security.SslStream.EnsureFullTlsFrameAsync[TIOAdapter](CancellationToken cancellationToken, Int32 estimatedSize)
   at System.Runtime.CompilerServices.PoolingAsyncValueTaskMethodBuilder`1.StateMachineBox`1.System.Threading.Tasks.Sources.IValueTaskSource<TResult>.GetResult(Int16 token)
   at System.Net.Security.SslStream.ReadAsyncInternal[TIOAdapter](Memory`1 buffer, CancellationToken cancellationToken)
   at System.Runtime.CompilerServices.PoolingAsyncValueTaskMethodBuilder`1.StateMachineBox`1.System.Threading.Tasks.Sources.IValueTaskSource<TResult>.GetResult(Int16 token)
   at System.Net.Http.HttpConnection.SendAsync(HttpRequestMessage request, Boolean async, CancellationToken cancellationToken)
   --- End of inner exception stack trace ---
   at System.Net.Http.HttpConnection.SendAsync(HttpRequestMessage request, Boolean async, CancellationToken cancellationToken)
   at System.Net.Http.AuthenticationHelper.SendWithNtAuthAsync(HttpRequestMessage request, Uri authUri, Boolean async, ICredentials credentials, Boolean isProxyAuth, HttpConnection connection, HttpConnectionPool connectionPool, CancellationToken cancellationToken)
   at System.Net.Http.HttpConnectionPool.SendWithVersionDetectionAndRetryAsync(HttpRequestMessage request, Boolean async, Boolean doRequestAuth, CancellationToken cancellationToken)
   at System.Net.Http.AuthenticationHelper.SendWithAuthAsync(HttpRequestMessage request, Uri authUri, Boolean async, ICredentials credentials, Boolean preAuthenticate, Boolean isProxyAuth, Boolean doRequestAuth, HttpConnectionPool pool, CancellationToken cancellationToken)
   at System.Net.Http.RedirectHandler.SendAsync(HttpRequestMessage request, Boolean async, CancellationToken cancellationToken)
   at GitHub.Services.Common.RawHttpMessageHandler.SendAsync(HttpRequestMessage request, CancellationToken cancellationToken)
   at GitHub.Services.Common.VssHttpRetryMessageHandler.SendAsync(HttpRequestMessage request, CancellationToken cancellationToken)
   at System.Net.Http.HttpClient.<SendAsync>g__Core|83_0(HttpRequestMessage request, HttpCompletionOption completionOption, CancellationTokenSource cts, Boolean disposeCts, CancellationTokenSource pendingRequestsCts, CancellationToken originalCancellationToken)
[2025-03-13 17:55:54Z ERR  BrokerServer] #####################################################
[2025-03-13 17:55:54Z ERR  BrokerServer] System.IO.IOException: Unable to read data from the transport connection: The I/O operation has been aborted because of either a thread exit or an application request..
 ---> System.Net.Sockets.SocketException (995): The I/O operation has been aborted because of either a thread exit or an application request.
   --- End of inner exception stack trace ---
   at System.Net.Sockets.Socket.AwaitableSocketAsyncEventArgs.ThrowException(SocketError error, CancellationToken cancellationToken)
   at System.Net.Sockets.Socket.AwaitableSocketAsyncEventArgs.System.Threading.Tasks.Sources.IValueTaskSource<System.Int32>.GetResult(Int16 token)
   at System.Net.Security.SslStream.EnsureFullTlsFrameAsync[TIOAdapter](CancellationToken cancellationToken, Int32 estimatedSize)
   at System.Runtime.CompilerServices.PoolingAsyncValueTaskMethodBuilder`1.StateMachineBox`1.System.Threading.Tasks.Sources.IValueTaskSource<TResult>.GetResult(Int16 token)
   at System.Net.Security.SslStream.ReadAsyncInternal[TIOAdapter](Memory`1 buffer, CancellationToken cancellationToken)
   at System.Runtime.CompilerServices.PoolingAsyncValueTaskMethodBuilder`1.StateMachineBox`1.System.Threading.Tasks.Sources.IValueTaskSource<TResult>.GetResult(Int16 token)
   at System.Net.Http.HttpConnection.SendAsync(HttpRequestMessage request, Boolean async, CancellationToken cancellationToken)
[2025-03-13 17:55:54Z ERR  BrokerServer] #####################################################
[2025-03-13 17:55:54Z ERR  BrokerServer] System.Net.Sockets.SocketException (995): The I/O operation has been aborted because of either a thread exit or an application request.
[2025-03-13 17:55:54Z WARN BrokerServer] Back off 11.37 seconds before next retry. 4 attempt left.
[2025-03-13 17:55:54Z INFO MessageListener] Get next message has been cancelled.
[2025-03-13 17:55:54Z INFO JobDispatcher] Shutting down JobDispatcher. Make sure all WorkerDispatcher has finished.
[2025-03-13 17:55:54Z INFO JobDispatcher] Ensure WorkerDispatcher for job 7e43e210-c8a0-546d-fb37-f4b1eb1d65a8 run to finish, cancel any running job.
[2025-03-13 17:55:54Z INFO JobDispatcher] Job request 7e43e210-c8a0-546d-fb37-f4b1eb1d65a8 processed succeed.
[2025-03-13 17:55:54Z INFO Runner] Deleting Runner Session...
[2025-03-13 17:55:54Z INFO Listener] Runner execution been cancelled.
