[2025-03-12 13:55:25Z INFO HostContext] No proxy settings were found based on environmental variables (http_proxy/https_proxy/HTTP_PROXY/HTTPS_PROXY)
[2025-03-12 13:55:25Z INFO HostContext] Well known directory 'Bin': 'C:\Users\syoung\Documents\CppTest\cpptest\examples\Timer\actions-runner\bin'
[2025-03-12 13:55:25Z INFO HostContext] Well known directory 'Root': 'C:\Users\syoung\Documents\CppTest\cpptest\examples\Timer\actions-runner'
[2025-03-12 13:55:25Z INFO HostContext] Well known config file 'Credentials': 'C:\Users\syoung\Documents\CppTest\cpptest\examples\Timer\actions-runner\.credentials'
[2025-03-12 13:55:25Z INFO HostContext] Well known directory 'Bin': 'C:\Users\syoung\Documents\CppTest\cpptest\examples\Timer\actions-runner\bin'
[2025-03-12 13:55:25Z INFO HostContext] Well known directory 'Root': 'C:\Users\syoung\Documents\CppTest\cpptest\examples\Timer\actions-runner'
[2025-03-12 13:55:25Z INFO HostContext] Well known config file 'Runner': 'C:\Users\syoung\Documents\CppTest\cpptest\examples\Timer\actions-runner\.runner'
[2025-03-12 13:55:25Z INFO Listener] Runner is built for Windows (X64) - win-x64.
[2025-03-12 13:55:25Z INFO Listener] RuntimeInformation: Microsoft Windows 10.0.26100.
[2025-03-12 13:55:25Z INFO Listener] Version: 2.322.0
[2025-03-12 13:55:25Z INFO Listener] Commit: 0edc478ca75d0a753dcbcec7405f3f26db67b1ac
[2025-03-12 13:55:25Z INFO Listener] Culture: en-US
[2025-03-12 13:55:25Z INFO Listener] UI Culture: en-US
[2025-03-12 13:55:25Z INFO HostContext] Well known directory 'Bin': 'C:\Users\syoung\Documents\CppTest\cpptest\examples\Timer\actions-runner\bin'
[2025-03-12 13:55:25Z INFO HostContext] Well known directory 'Root': 'C:\Users\syoung\Documents\CppTest\cpptest\examples\Timer\actions-runner'
[2025-03-12 13:55:25Z INFO Listener] Validating directory permissions for: 'C:\Users\syoung\Documents\CppTest\cpptest\examples\Timer\actions-runner'
[2025-03-12 13:55:25Z INFO CommandLineParser] Parse
[2025-03-12 13:55:25Z INFO CommandLineParser] Parsing 1 args
[2025-03-12 13:55:25Z INFO CommandLineParser] parsing argument
[2025-03-12 13:55:25Z INFO CommandLineParser] HasArgs: False
[2025-03-12 13:55:25Z INFO CommandLineParser] Adding Command: run
[2025-03-12 13:55:25Z INFO Listener] Arguments parsed
[2025-03-12 13:55:25Z INFO Runner] ExecuteCommand
[2025-03-12 13:55:25Z INFO ConfigurationStore] currentAssemblyLocation: C:\Users\syoung\Documents\CppTest\cpptest\examples\Timer\actions-runner\bin\Runner.Listener.dll
[2025-03-12 13:55:25Z INFO HostContext] Well known directory 'Bin': 'C:\Users\syoung\Documents\CppTest\cpptest\examples\Timer\actions-runner\bin'
[2025-03-12 13:55:25Z INFO ConfigurationStore] binPath: C:\Users\syoung\Documents\CppTest\cpptest\examples\Timer\actions-runner\bin
[2025-03-12 13:55:25Z INFO HostContext] Well known directory 'Bin': 'C:\Users\syoung\Documents\CppTest\cpptest\examples\Timer\actions-runner\bin'
[2025-03-12 13:55:25Z INFO HostContext] Well known directory 'Root': 'C:\Users\syoung\Documents\CppTest\cpptest\examples\Timer\actions-runner'
[2025-03-12 13:55:25Z INFO ConfigurationStore] RootFolder: C:\Users\syoung\Documents\CppTest\cpptest\examples\Timer\actions-runner
[2025-03-12 13:55:25Z INFO HostContext] Well known directory 'Bin': 'C:\Users\syoung\Documents\CppTest\cpptest\examples\Timer\actions-runner\bin'
[2025-03-12 13:55:25Z INFO HostContext] Well known directory 'Root': 'C:\Users\syoung\Documents\CppTest\cpptest\examples\Timer\actions-runner'
[2025-03-12 13:55:25Z INFO HostContext] Well known config file 'Runner': 'C:\Users\syoung\Documents\CppTest\cpptest\examples\Timer\actions-runner\.runner'
[2025-03-12 13:55:25Z INFO ConfigurationStore] ConfigFilePath: C:\Users\syoung\Documents\CppTest\cpptest\examples\Timer\actions-runner\.runner
[2025-03-12 13:55:25Z INFO HostContext] Well known directory 'Bin': 'C:\Users\syoung\Documents\CppTest\cpptest\examples\Timer\actions-runner\bin'
[2025-03-12 13:55:25Z INFO HostContext] Well known directory 'Root': 'C:\Users\syoung\Documents\CppTest\cpptest\examples\Timer\actions-runner'
[2025-03-12 13:55:25Z INFO HostContext] Well known config file 'Credentials': 'C:\Users\syoung\Documents\CppTest\cpptest\examples\Timer\actions-runner\.credentials'
[2025-03-12 13:55:25Z INFO ConfigurationStore] CredFilePath: C:\Users\syoung\Documents\CppTest\cpptest\examples\Timer\actions-runner\.credentials
[2025-03-12 13:55:25Z INFO HostContext] Well known directory 'Bin': 'C:\Users\syoung\Documents\CppTest\cpptest\examples\Timer\actions-runner\bin'
[2025-03-12 13:55:25Z INFO HostContext] Well known directory 'Root': 'C:\Users\syoung\Documents\CppTest\cpptest\examples\Timer\actions-runner'
[2025-03-12 13:55:25Z INFO HostContext] Well known config file 'MigratedCredentials': 'C:\Users\syoung\Documents\CppTest\cpptest\examples\Timer\actions-runner\.credentials_migrated'
[2025-03-12 13:55:25Z INFO ConfigurationStore] MigratedCredFilePath: C:\Users\syoung\Documents\CppTest\cpptest\examples\Timer\actions-runner\.credentials_migrated
[2025-03-12 13:55:25Z INFO HostContext] Well known directory 'Bin': 'C:\Users\syoung\Documents\CppTest\cpptest\examples\Timer\actions-runner\bin'
[2025-03-12 13:55:25Z INFO HostContext] Well known directory 'Root': 'C:\Users\syoung\Documents\CppTest\cpptest\examples\Timer\actions-runner'
[2025-03-12 13:55:25Z INFO HostContext] Well known config file 'Service': 'C:\Users\syoung\Documents\CppTest\cpptest\examples\Timer\actions-runner\.service'
[2025-03-12 13:55:25Z INFO ConfigurationStore] ServiceConfigFilePath: C:\Users\syoung\Documents\CppTest\cpptest\examples\Timer\actions-runner\.service
[2025-03-12 13:55:25Z INFO CommandSettings] Flag 'help': 'False'
[2025-03-12 13:55:25Z INFO CommandSettings] Flag 'version': 'False'
[2025-03-12 13:55:25Z INFO CommandSettings] Flag 'commit': 'False'
[2025-03-12 13:55:25Z INFO CommandSettings] Flag 'check': 'False'
[2025-03-12 13:55:25Z INFO CommandSettings] Command 'configure': 'False'
[2025-03-12 13:55:25Z INFO CommandSettings] Command 'remove': 'False'
[2025-03-12 13:55:25Z INFO CommandSettings] Command 'warmup': 'False'
[2025-03-12 13:55:25Z INFO ConfigurationManager] LoadSettings
[2025-03-12 13:55:25Z INFO ConfigurationStore] IsConfigured()
[2025-03-12 13:55:25Z INFO ConfigurationStore] IsConfigured: True
[2025-03-12 13:55:25Z INFO ConfigurationManager] Is configured: True
[2025-03-12 13:55:25Z INFO ConfigurationStore] Read setting file: 318 chars
[2025-03-12 13:55:25Z INFO ConfigurationManager] Settings Loaded
[2025-03-12 13:55:25Z INFO ConfigurationStore] IsServiceConfigured()
[2025-03-12 13:55:25Z INFO ConfigurationStore] IsServiceConfigured: False
[2025-03-12 13:55:25Z INFO CommandSettings] Command 'run': 'True'
[2025-03-12 13:55:25Z INFO ConfigurationStore] IsConfigured()
[2025-03-12 13:55:25Z INFO ConfigurationStore] IsConfigured: True
[2025-03-12 13:55:25Z INFO ConfigurationManager] Is configured: True
[2025-03-12 13:55:25Z INFO Runner] Could not parse the argument value '' for StartupType. Defaulting to Manual
[2025-03-12 13:55:25Z INFO Runner] Set runner startup type - Manual
[2025-03-12 13:55:25Z INFO CommandSettings] Flag 'once': 'False'
[2025-03-12 13:55:25Z INFO CommandSettings] Flag 'once': 'False'
[2025-03-12 13:55:25Z INFO Runner] RunAsync
[2025-03-12 13:55:25Z INFO ConfigurationManager] LoadSettings
[2025-03-12 13:55:25Z INFO ConfigurationStore] IsConfigured()
[2025-03-12 13:55:25Z INFO ConfigurationStore] IsConfigured: True
[2025-03-12 13:55:25Z INFO ConfigurationManager] Is configured: True
[2025-03-12 13:55:25Z INFO ConfigurationManager] Settings Loaded
[2025-03-12 13:55:25Z INFO MessageListener] {
  "AgentId": 23,
  "AgentName": "default-runner",
  "PoolId": 1,
  "PoolName": "Default",
  "ServerUrl": "https://pipelinesghubeus14.actions.githubusercontent.com/BJPx9ZceWNzPVl6cmFlKWSAIvlcLp9xiRKqBOhdKPGJHS8dIFy/",
  "GitHubUrl": "https://github.com/sam-young717/VSCodeIntegrate",
  "WorkFolder": "_work"
}
[2025-03-12 13:55:25Z INFO MessageListener] Loading Credentials
[2025-03-12 13:55:25Z INFO ConfigurationStore] HasCredentials()
[2025-03-12 13:55:25Z INFO ConfigurationStore] stored True
[2025-03-12 13:55:25Z INFO CredentialManager] GetCredentialProvider
[2025-03-12 13:55:25Z INFO CredentialManager] Creating type OAuth
[2025-03-12 13:55:25Z INFO CredentialManager] Creating credential type: OAuth
[2025-03-12 13:55:25Z INFO HostContext] Well known directory 'Bin': 'C:\Users\syoung\Documents\CppTest\cpptest\examples\Timer\actions-runner\bin'
[2025-03-12 13:55:25Z INFO HostContext] Well known directory 'Root': 'C:\Users\syoung\Documents\CppTest\cpptest\examples\Timer\actions-runner'
[2025-03-12 13:55:25Z INFO HostContext] Well known config file 'RSACredentials': 'C:\Users\syoung\Documents\CppTest\cpptest\examples\Timer\actions-runner\.credentials_rsaparams'
[2025-03-12 13:55:25Z INFO RSAEncryptedFileKeyManager] Loading RSA key parameters from file C:\Users\syoung\Documents\CppTest\cpptest\examples\Timer\actions-runner\.credentials_rsaparams
[2025-03-12 13:55:25Z INFO MessageListener] Attempt to create session.
[2025-03-12 13:55:25Z INFO MessageListener] Connecting to the Runner Server...
[2025-03-12 13:55:25Z INFO RunnerServer] EstablishVssConnection
[2025-03-12 13:55:25Z INFO RunnerServer] Establish connection with 100 seconds timeout.
[2025-03-12 13:55:25Z INFO GitHubActionsService] Starting operation Location.GetConnectionData
[2025-03-12 13:55:25Z INFO RunnerServer] EstablishVssConnection
[2025-03-12 13:55:25Z INFO RunnerServer] Establish connection with 60 seconds timeout.
[2025-03-12 13:55:25Z INFO GitHubActionsService] Starting operation Location.GetConnectionData
[2025-03-12 13:55:25Z INFO RunnerServer] EstablishVssConnection
[2025-03-12 13:55:25Z INFO RunnerServer] Establish connection with 60 seconds timeout.
[2025-03-12 13:55:25Z INFO GitHubActionsService] Starting operation Location.GetConnectionData
[2025-03-12 13:55:26Z INFO GitHubActionsService] Finished operation Location.GetConnectionData
[2025-03-12 13:55:26Z INFO GitHubActionsService] Finished operation Location.GetConnectionData
[2025-03-12 13:55:26Z INFO GitHubActionsService] Finished operation Location.GetConnectionData
[2025-03-12 13:55:26Z INFO MessageListener] VssConnection created
[2025-03-12 13:55:26Z INFO Terminal] WRITE LINE: 
[2025-03-12 13:55:26Z INFO Terminal] WRITE LINE: 
[2025-03-12 13:55:26Z INFO RSAEncryptedFileKeyManager] Loading RSA key parameters from file C:\Users\syoung\Documents\CppTest\cpptest\examples\Timer\actions-runner\.credentials_rsaparams
[2025-03-12 13:55:26Z INFO RSAEncryptedFileKeyManager] Loading RSA key parameters from file C:\Users\syoung\Documents\CppTest\cpptest\examples\Timer\actions-runner\.credentials_rsaparams
[2025-03-12 13:55:26Z INFO GitHubActionsService] AAD Correlation ID for this token request: Unknown
[2025-03-12 13:55:26Z INFO MessageListener] Session created.
[2025-03-12 13:55:26Z INFO Terminal] WRITE LINE: Current runner version: '2.322.0'
[2025-03-12 13:55:26Z INFO Terminal] WRITE LINE: 2025-03-12 13:55:26Z: Listening for Jobs
[2025-03-12 13:55:26Z INFO JobDispatcher] Set runner/worker IPC timeout to 30 seconds.
[2025-03-12 13:55:26Z INFO RSAEncryptedFileKeyManager] Loading RSA key parameters from file C:\Users\syoung\Documents\CppTest\cpptest\examples\Timer\actions-runner\.credentials_rsaparams
[2025-03-12 13:55:26Z INFO GitHubActionsService] AAD Correlation ID for this token request: Unknown
[2025-03-12 13:55:27Z INFO MessageListener] Message '8542303495342541012' received from session '4f0c83e3-5eaf-44c4-8806-7b49639bac61'.
[2025-03-12 13:55:27Z INFO ConfigurationStore] HasCredentials()
[2025-03-12 13:55:27Z INFO ConfigurationStore] stored True
[2025-03-12 13:55:27Z INFO CredentialManager] GetCredentialProvider
[2025-03-12 13:55:27Z INFO CredentialManager] Creating type OAuth
[2025-03-12 13:55:27Z INFO CredentialManager] Creating credential type: OAuth
[2025-03-12 13:55:27Z INFO RSAEncryptedFileKeyManager] Loading RSA key parameters from file C:\Users\syoung\Documents\CppTest\cpptest\examples\Timer\actions-runner\.credentials_rsaparams
[2025-03-12 13:55:27Z INFO RSAEncryptedFileKeyManager] Loading RSA key parameters from file C:\Users\syoung\Documents\CppTest\cpptest\examples\Timer\actions-runner\.credentials_rsaparams
[2025-03-12 13:55:27Z INFO RSAEncryptedFileKeyManager] Loading RSA key parameters from file C:\Users\syoung\Documents\CppTest\cpptest\examples\Timer\actions-runner\.credentials_rsaparams
[2025-03-12 13:55:27Z INFO GitHubActionsService] AAD Correlation ID for this token request: Unknown
[2025-03-12 13:55:28Z INFO JobDispatcher] Job request 0 for plan 8f3b78c5-9348-4b13-8022-02ee39ea58d8 job bc468aff-8415-56d4-8ed2-9083582ecb17 received.
[2025-03-12 13:55:28Z INFO MessageListener] Received job status event. JobState: Busy
[2025-03-12 13:55:28Z INFO MessageListener] _getMessagesTokenSource is already disposed.
[2025-03-12 13:55:28Z INFO Terminal] WRITE LINE: 2025-03-12 13:55:28Z: Running job: Analyze project with C/C++test
[2025-03-12 13:55:28Z INFO JobDispatcher] Start renew job request 0 for job bc468aff-8415-56d4-8ed2-9083582ecb17.
[2025-03-12 13:55:28Z INFO JobDispatcher] Successfully renew job bc468aff-8415-56d4-8ed2-9083582ecb17, job is valid till 3/12/2025 2:05:27 PM
[2025-03-12 13:55:28Z INFO HostContext] Well known directory 'Bin': 'C:\Users\syoung\Documents\CppTest\cpptest\examples\Timer\actions-runner\bin'
[2025-03-12 13:55:28Z INFO ProcessInvokerWrapper] Starting process:
[2025-03-12 13:55:28Z INFO ProcessInvokerWrapper]   File name: 'C:\Users\syoung\Documents\CppTest\cpptest\examples\Timer\actions-runner\bin\Runner.Worker.exe'
[2025-03-12 13:55:28Z INFO ProcessInvokerWrapper]   Arguments: 'spawnclient 2232 2248'
[2025-03-12 13:55:28Z INFO ProcessInvokerWrapper]   Working directory: 'C:\Users\syoung\Documents\CppTest\cpptest\examples\Timer\actions-runner\bin'
[2025-03-12 13:55:28Z INFO ProcessInvokerWrapper]   Require exit code zero: 'False'
[2025-03-12 13:55:28Z INFO ProcessInvokerWrapper]   Encoding web name:  ; code page: ''
[2025-03-12 13:55:28Z INFO ProcessInvokerWrapper]   Force kill process on cancellation: 'True'
[2025-03-12 13:55:28Z INFO ProcessInvokerWrapper]   Redirected STDIN: 'False'
[2025-03-12 13:55:28Z INFO ProcessInvokerWrapper]   Persist current code page: 'False'
[2025-03-12 13:55:28Z INFO ProcessInvokerWrapper]   Keep redirected STDIN open: 'False'
[2025-03-12 13:55:28Z INFO ProcessInvokerWrapper]   High priority process: 'True'
[2025-03-12 13:55:28Z INFO ProcessInvokerWrapper] Process started with process id 39328, waiting for process exit.
[2025-03-12 13:55:28Z INFO JobDispatcher] Send job request message to worker for job bc468aff-8415-56d4-8ed2-9083582ecb17.
[2025-03-12 13:55:28Z INFO ProcessChannel] Sending message of length 21001, with hash 'e141685a23145ad3cfa04f71bf514b231fd101378e67da49b22b5e93b743d1b3'
[2025-03-12 13:55:28Z INFO JobNotification] Entering JobStarted Notification
[2025-03-12 13:55:28Z INFO JobNotification] Entering StartMonitor
[2025-03-12 13:56:16Z INFO ProcessInvokerWrapper] STDOUT/STDERR stream read finished.
[2025-03-12 13:56:16Z INFO ProcessInvokerWrapper] STDOUT/STDERR stream read finished.
[2025-03-12 13:56:16Z INFO ProcessInvokerWrapper] Finished process 39328 with exit code 102, and elapsed time 00:00:47.9141668.
[2025-03-12 13:56:16Z INFO JobDispatcher] Worker finished for job bc468aff-8415-56d4-8ed2-9083582ecb17. Code: 102
[2025-03-12 13:56:16Z INFO JobDispatcher] finish job request for job bc468aff-8415-56d4-8ed2-9083582ecb17 with result: Failed
[2025-03-12 13:56:16Z INFO Terminal] WRITE LINE: 2025-03-12 13:56:16Z: Job Analyze project with C/C++test completed with result: Failed
[2025-03-12 13:56:16Z INFO JobDispatcher] Stop renew job request for job bc468aff-8415-56d4-8ed2-9083582ecb17.
[2025-03-12 13:56:16Z INFO JobDispatcher] job renew has been cancelled, stop renew job bc468aff-8415-56d4-8ed2-9083582ecb17.
[2025-03-12 13:56:16Z INFO JobNotification] Entering JobCompleted Notification
[2025-03-12 13:56:16Z INFO JobNotification] Entering EndMonitor
[2025-03-12 13:56:16Z INFO MessageListener] Received job status event. JobState: Online
[2025-03-12 14:10:29Z INFO Terminal] WRITE LINE: Exiting...
[2025-03-12 14:10:29Z INFO ConfigurationStore] IsServiceConfigured()
[2025-03-12 14:10:29Z INFO ConfigurationStore] IsServiceConfigured: False
[2025-03-12 14:10:29Z INFO HostContext] Runner will be shutdown for UserCancelled
[2025-03-12 14:10:29Z WARN GitHubActionsService] GET request to https://broker.actions.githubusercontent.com/message?sessionId=4f0c83e3-5eaf-44c4-8806-7b49639bac61&status=Online&runnerVersion=2.322.0&os=Windows&architecture=X64&disableUpdate=false has been cancelled.
[2025-03-12 14:10:29Z ERR  BrokerServer] Catch exception during request
[2025-03-12 14:10:29Z ERR  BrokerServer] System.Threading.Tasks.TaskCanceledException: The operation was canceled.
 ---> System.Threading.Tasks.TaskCanceledException: The operation was canceled.
 ---> System.IO.IOException: Unable to read data from the transport connection: The I/O operation has been aborted because of either a thread exit or an application request..
 ---> System.Net.Sockets.SocketException (995): The I/O operation has been aborted because of either a thread exit or an application request.
   --- End of inner exception stack trace ---
   at System.Net.Sockets.Socket.AwaitableSocketAsyncEventArgs.ThrowException(SocketError error, CancellationToken cancellationToken)
   at System.Net.Sockets.Socket.AwaitableSocketAsyncEventArgs.System.Threading.Tasks.Sources.IValueTaskSource<System.Int32>.GetResult(Int16 token)
   at System.Net.Security.SslStream.EnsureFullTlsFrameAsync[TIOAdapter](CancellationToken cancellationToken, Int32 estimatedSize)
   at System.Runtime.CompilerServices.PoolingAsyncValueTaskMethodBuilder`1.StateMachineBox`1.System.Threading.Tasks.Sources.IValueTaskSource<TResult>.GetResult(Int16 token)
   at System.Net.Security.SslStream.ReadAsyncInternal[TIOAdapter](Memory`1 buffer, CancellationToken cancellationToken)
   at System.Runtime.CompilerServices.PoolingAsyncValueTaskMethodBuilder`1.StateMachineBox`1.System.Threading.Tasks.Sources.IValueTaskSource<TResult>.GetResult(Int16 token)
   at System.Net.Http.HttpConnection.SendAsync(HttpRequestMessage request, Boolean async, CancellationToken cancellationToken)
   --- End of inner exception stack trace ---
   at System.Net.Http.HttpConnection.SendAsync(HttpRequestMessage request, Boolean async, CancellationToken cancellationToken)
   at System.Net.Http.AuthenticationHelper.SendWithNtAuthAsync(HttpRequestMessage request, Uri authUri, Boolean async, ICredentials credentials, Boolean isProxyAuth, HttpConnection connection, HttpConnectionPool connectionPool, CancellationToken cancellationToken)
   at System.Net.Http.HttpConnectionPool.SendWithVersionDetectionAndRetryAsync(HttpRequestMessage request, Boolean async, Boolean doRequestAuth, CancellationToken cancellationToken)
   at System.Net.Http.AuthenticationHelper.SendWithAuthAsync(HttpRequestMessage request, Uri authUri, Boolean async, ICredentials credentials, Boolean preAuthenticate, Boolean isProxyAuth, Boolean doRequestAuth, HttpConnectionPool pool, CancellationToken cancellationToken)
   at System.Net.Http.RedirectHandler.SendAsync(HttpRequestMessage request, Boolean async, CancellationToken cancellationToken)
   at GitHub.Services.Common.RawHttpMessageHandler.SendAsync(HttpRequestMessage request, CancellationToken cancellationToken)
   at GitHub.Services.Common.VssHttpRetryMessageHandler.SendAsync(HttpRequestMessage request, CancellationToken cancellationToken)
   at System.Net.Http.HttpClient.<SendAsync>g__Core|83_0(HttpRequestMessage request, HttpCompletionOption completionOption, CancellationTokenSource cts, Boolean disposeCts, CancellationTokenSource pendingRequestsCts, CancellationToken originalCancellationToken)
   --- End of inner exception stack trace ---
   at System.Net.Http.HttpClient.HandleFailure(Exception e, Boolean telemetryStarted, HttpResponseMessage response, CancellationTokenSource cts, CancellationToken cancellationToken, CancellationTokenSource pendingRequestsCts)
   at System.Net.Http.HttpClient.<SendAsync>g__Core|83_0(HttpRequestMessage request, HttpCompletionOption completionOption, CancellationTokenSource cts, Boolean disposeCts, CancellationTokenSource pendingRequestsCts, CancellationToken originalCancellationToken)
   at Sdk.WebApi.WebApi.RawHttpClientBase.SendAsync(HttpRequestMessage message, HttpCompletionOption completionOption, Object userState, CancellationToken cancellationToken)
   at Sdk.WebApi.WebApi.RawHttpClientBase.SendAsync[T](HttpRequestMessage message, Boolean readErrorBody, Object userState, CancellationToken cancellationToken)
   at Sdk.WebApi.WebApi.RawHttpClientBase.SendAsync[T](HttpMethod method, IEnumerable`1 additionalHeaders, Uri requestUri, HttpContent content, IEnumerable`1 queryParameters, Boolean readErrorBody, Object userState, CancellationToken cancellationToken)
   at GitHub.Actions.RunService.WebApi.BrokerHttpClient.GetRunnerMessageAsync(Nullable`1 sessionId, String runnerVersion, Nullable`1 status, String os, String architecture, Nullable`1 disableUpdate, CancellationToken cancellationToken)
   at GitHub.Runner.Common.BrokerServer.<>c__DisplayClass7_0.<<GetRunnerMessageAsync>b__0>d.MoveNext()
--- End of stack trace from previous location ---
   at GitHub.Runner.Common.RunnerService.RetryRequest[T](Func`1 func, CancellationToken cancellationToken, Int32 maxRetryAttemptsCount, Func`2 shouldRetry)
[2025-03-12 14:10:29Z ERR  BrokerServer] #####################################################
[2025-03-12 14:10:29Z ERR  BrokerServer] System.Threading.Tasks.TaskCanceledException: The operation was canceled.
 ---> System.IO.IOException: Unable to read data from the transport connection: The I/O operation has been aborted because of either a thread exit or an application request..
 ---> System.Net.Sockets.SocketException (995): The I/O operation has been aborted because of either a thread exit or an application request.
   --- End of inner exception stack trace ---
   at System.Net.Sockets.Socket.AwaitableSocketAsyncEventArgs.ThrowException(SocketError error, CancellationToken cancellationToken)
   at System.Net.Sockets.Socket.AwaitableSocketAsyncEventArgs.System.Threading.Tasks.Sources.IValueTaskSource<System.Int32>.GetResult(Int16 token)
   at System.Net.Security.SslStream.EnsureFullTlsFrameAsync[TIOAdapter](CancellationToken cancellationToken, Int32 estimatedSize)
   at System.Runtime.CompilerServices.PoolingAsyncValueTaskMethodBuilder`1.StateMachineBox`1.System.Threading.Tasks.Sources.IValueTaskSource<TResult>.GetResult(Int16 token)
   at System.Net.Security.SslStream.ReadAsyncInternal[TIOAdapter](Memory`1 buffer, CancellationToken cancellationToken)
   at System.Runtime.CompilerServices.PoolingAsyncValueTaskMethodBuilder`1.StateMachineBox`1.System.Threading.Tasks.Sources.IValueTaskSource<TResult>.GetResult(Int16 token)
   at System.Net.Http.HttpConnection.SendAsync(HttpRequestMessage request, Boolean async, CancellationToken cancellationToken)
   --- End of inner exception stack trace ---
   at System.Net.Http.HttpConnection.SendAsync(HttpRequestMessage request, Boolean async, CancellationToken cancellationToken)
   at System.Net.Http.AuthenticationHelper.SendWithNtAuthAsync(HttpRequestMessage request, Uri authUri, Boolean async, ICredentials credentials, Boolean isProxyAuth, HttpConnection connection, HttpConnectionPool connectionPool, CancellationToken cancellationToken)
   at System.Net.Http.HttpConnectionPool.SendWithVersionDetectionAndRetryAsync(HttpRequestMessage request, Boolean async, Boolean doRequestAuth, CancellationToken cancellationToken)
   at System.Net.Http.AuthenticationHelper.SendWithAuthAsync(HttpRequestMessage request, Uri authUri, Boolean async, ICredentials credentials, Boolean preAuthenticate, Boolean isProxyAuth, Boolean doRequestAuth, HttpConnectionPool pool, CancellationToken cancellationToken)
   at System.Net.Http.RedirectHandler.SendAsync(HttpRequestMessage request, Boolean async, CancellationToken cancellationToken)
   at GitHub.Services.Common.RawHttpMessageHandler.SendAsync(HttpRequestMessage request, CancellationToken cancellationToken)
   at GitHub.Services.Common.VssHttpRetryMessageHandler.SendAsync(HttpRequestMessage request, CancellationToken cancellationToken)
   at System.Net.Http.HttpClient.<SendAsync>g__Core|83_0(HttpRequestMessage request, HttpCompletionOption completionOption, CancellationTokenSource cts, Boolean disposeCts, CancellationTokenSource pendingRequestsCts, CancellationToken originalCancellationToken)
[2025-03-12 14:10:29Z ERR  BrokerServer] #####################################################
[2025-03-12 14:10:29Z ERR  BrokerServer] System.IO.IOException: Unable to read data from the transport connection: The I/O operation has been aborted because of either a thread exit or an application request..
 ---> System.Net.Sockets.SocketException (995): The I/O operation has been aborted because of either a thread exit or an application request.
   --- End of inner exception stack trace ---
   at System.Net.Sockets.Socket.AwaitableSocketAsyncEventArgs.ThrowException(SocketError error, CancellationToken cancellationToken)
   at System.Net.Sockets.Socket.AwaitableSocketAsyncEventArgs.System.Threading.Tasks.Sources.IValueTaskSource<System.Int32>.GetResult(Int16 token)
   at System.Net.Security.SslStream.EnsureFullTlsFrameAsync[TIOAdapter](CancellationToken cancellationToken, Int32 estimatedSize)
   at System.Runtime.CompilerServices.PoolingAsyncValueTaskMethodBuilder`1.StateMachineBox`1.System.Threading.Tasks.Sources.IValueTaskSource<TResult>.GetResult(Int16 token)
   at System.Net.Security.SslStream.ReadAsyncInternal[TIOAdapter](Memory`1 buffer, CancellationToken cancellationToken)
   at System.Runtime.CompilerServices.PoolingAsyncValueTaskMethodBuilder`1.StateMachineBox`1.System.Threading.Tasks.Sources.IValueTaskSource<TResult>.GetResult(Int16 token)
   at System.Net.Http.HttpConnection.SendAsync(HttpRequestMessage request, Boolean async, CancellationToken cancellationToken)
[2025-03-12 14:10:29Z ERR  BrokerServer] #####################################################
[2025-03-12 14:10:29Z ERR  BrokerServer] System.Net.Sockets.SocketException (995): The I/O operation has been aborted because of either a thread exit or an application request.
[2025-03-12 14:10:29Z WARN BrokerServer] Back off 8.74 seconds before next retry. 4 attempt left.
[2025-03-12 14:10:29Z INFO MessageListener] Get next message has been cancelled.
[2025-03-12 14:10:29Z INFO JobDispatcher] Shutting down JobDispatcher. Make sure all WorkerDispatcher has finished.
[2025-03-12 14:10:29Z INFO JobDispatcher] Ensure WorkerDispatcher for job bc468aff-8415-56d4-8ed2-9083582ecb17 run to finish, cancel any running job.
[2025-03-12 14:10:29Z INFO JobDispatcher] Job request bc468aff-8415-56d4-8ed2-9083582ecb17 processed succeed.
[2025-03-12 14:10:29Z INFO Runner] Deleting Runner Session...
[2025-03-12 14:10:29Z INFO Listener] Runner execution been cancelled.
